<?xml version="1.0" encoding="UTF-8"?>
<testng-results ignored="0" total="1" passed="1" failed="0" skipped="0">
  <reporter-output>
  </reporter-output>
  <suite started-at="2026-05-01T17:53:29 IST" name="Default suite" finished-at="2026-05-01T17:53:36 IST" duration-ms="7195">
    <groups>
    </groups>
    <test started-at="2026-05-01T17:53:29 IST" name="Default test" finished-at="2026-05-01T17:53:36 IST" duration-ms="7195">
      <class name="ThoughtWorks.SeleniumMarAir.testcase.ScheduleNotPossible">
        <test-method is-config="true" signature="LaunchSite()[pri:0, instance:ThoughtWorks.SeleniumMarAir.testcase.ScheduleNotPossible@5bda8e08]" started-at="2026-05-01T17:53:29 IST" name="LaunchSite" finished-at="2026-05-01T17:53:33 IST" duration-ms="4266" status="PASS">
          <reporter-output>
          </reporter-output>
        </test-method> <!-- LaunchSite -->
        <test-method signature="HomePageValidation()[pri:0, instance:ThoughtWorks.SeleniumMarAir.testcase.ScheduleNotPossible@5bda8e08]" started-at="2026-05-01T17:53:33 IST" name="HomePageValidation" finished-at="2026-05-01T17:53:36 IST" duration-ms="2432" status="PASS">
          <reporter-output>
          </reporter-output>
        </test-method> <!-- HomePageValidation -->
        <test-method is-config="true" signature="teardown(org.testng.ITestResult)[pri:0, instance:ThoughtWorks.SeleniumMarAir.testcase.ScheduleNotPossible@5bda8e08]" started-at="2026-05-01T17:53:36 IST" name="teardown" finished-at="2026-05-01T17:53:36 IST" duration-ms="12" status="PASS">
          <params>
            <param index="0">
              <value>
                <![CDATA[[TestResult name=HomePageValidation status=SUCCESS method=ScheduleNotPossible.HomePageValidation()[pri:0, instance:ThoughtWorks.SeleniumMarAir.testcase.ScheduleNotPossible@5bda8e08] output={null}]]]>
              </value>
            </param>
          </params>
          <reporter-output>
          </reporter-output>
        </test-method> <!-- teardown -->
        <test-method is-config="true" signature="Close()[pri:0, instance:ThoughtWorks.SeleniumMarAir.testcase.ScheduleNotPossible@5bda8e08]" started-at="2026-05-01T17:53:36 IST" name="Close" finished-at="2026-05-01T17:53:36 IST" duration-ms="407" status="PASS">
          <reporter-output>
          </reporter-output>
        </test-method> <!-- Close -->
      </class> <!-- ThoughtWorks.SeleniumMarAir.testcase.ScheduleNotPossible -->
    </test> <!-- Default test -->
  </suite> <!-- Default suite -->
</testng-results>
