<?xml version="1.0" encoding="UTF-8"?>
<testng-results ignored="0" total="2" passed="2" failed="0" skipped="0">
  <reporter-output>
  </reporter-output>
  <suite started-at="2026-05-03T14:50:04 IST" name="Suite" finished-at="2026-05-03T14:50:12 IST" duration-ms="8063">
    <groups>
    </groups>
    <test started-at="2026-05-03T14:50:04 IST" name="Test" finished-at="2026-05-03T14:50:12 IST" duration-ms="8061">
      <class name="ThoughtWorks.SeleniumMarAir.testcase.ScheduleNotPossible">
        <test-method is-config="true" signature="LaunchSite()[pri:0, instance:ThoughtWorks.SeleniumMarAir.testcase.ScheduleNotPossible@4b5a5ed1]" started-at="2026-05-03T14:50:04 IST" name="LaunchSite" finished-at="2026-05-03T14:50:09 IST" duration-ms="5009" status="PASS">
          <reporter-output>
          </reporter-output>
        </test-method> <!-- LaunchSite -->
        <test-method signature="HomePageValidation()[pri:0, instance:ThoughtWorks.SeleniumMarAir.testcase.ScheduleNotPossible@4b5a5ed1]" started-at="2026-05-03T14:50:09 IST" name="HomePageValidation" finished-at="2026-05-03T14:50:12 IST" duration-ms="2663" status="PASS">
          <reporter-output>
          </reporter-output>
        </test-method> <!-- HomePageValidation -->
        <test-method is-config="true" signature="teardown(org.testng.ITestResult)[pri:0, instance:ThoughtWorks.SeleniumMarAir.testcase.ScheduleNotPossible@4b5a5ed1]" started-at="2026-05-03T14:50:12 IST" name="teardown" finished-at="2026-05-03T14:50:12 IST" duration-ms="7" status="PASS">
          <params>
            <param index="0">
              <value>
                <![CDATA[[TestResult name=HomePageValidation status=SUCCESS method=ScheduleNotPossible.HomePageValidation()[pri:0, instance:ThoughtWorks.SeleniumMarAir.testcase.ScheduleNotPossible@4b5a5ed1] output={null}]]]>
              </value>
            </param>
          </params>
          <reporter-output>
          </reporter-output>
        </test-method> <!-- teardown -->
        <test-method is-config="true" signature="Close()[pri:0, instance:ThoughtWorks.SeleniumMarAir.testcase.ScheduleNotPossible@4b5a5ed1]" started-at="2026-05-03T14:50:12 IST" name="Close" finished-at="2026-05-03T14:50:12 IST" duration-ms="309" status="PASS">
          <reporter-output>
          </reporter-output>
        </test-method> <!-- Close -->
      </class> <!-- ThoughtWorks.SeleniumMarAir.testcase.ScheduleNotPossible -->
    </test> <!-- Test -->
    <test started-at="2026-05-03T14:50:04 IST" name="Test1" finished-at="2026-05-03T14:50:12 IST" duration-ms="8063">
      <class name="ThoughtWorks.SeleniumMarAir.testcase.HomePage">
        <test-method is-config="true" signature="LaunchSite()[pri:0, instance:ThoughtWorks.SeleniumMarAir.testcase.HomePage@418e7838]" started-at="2026-05-03T14:50:04 IST" name="LaunchSite" finished-at="2026-05-03T14:50:09 IST" duration-ms="5012" status="PASS">
          <reporter-output>
          </reporter-output>
        </test-method> <!-- LaunchSite -->
        <test-method signature="HomePageValidation()[pri:0, instance:ThoughtWorks.SeleniumMarAir.testcase.HomePage@418e7838]" started-at="2026-05-03T14:50:09 IST" name="HomePageValidation" finished-at="2026-05-03T14:50:12 IST" duration-ms="2663" status="PASS">
          <reporter-output>
          </reporter-output>
        </test-method> <!-- HomePageValidation -->
        <test-method is-config="true" signature="teardown(org.testng.ITestResult)[pri:0, instance:ThoughtWorks.SeleniumMarAir.testcase.HomePage@418e7838]" started-at="2026-05-03T14:50:12 IST" name="teardown" finished-at="2026-05-03T14:50:12 IST" duration-ms="7" status="PASS">
          <params>
            <param index="0">
              <value>
                <![CDATA[[TestResult name=HomePageValidation status=SUCCESS method=HomePage.HomePageValidation()[pri:0, instance:ThoughtWorks.SeleniumMarAir.testcase.HomePage@418e7838] output={null}]]]>
              </value>
            </param>
          </params>
          <reporter-output>
          </reporter-output>
        </test-method> <!-- teardown -->
        <test-method is-config="true" signature="Close()[pri:0, instance:ThoughtWorks.SeleniumMarAir.testcase.HomePage@418e7838]" started-at="2026-05-03T14:50:12 IST" name="Close" finished-at="2026-05-03T14:50:12 IST" duration-ms="314" status="PASS">
          <reporter-output>
          </reporter-output>
        </test-method> <!-- Close -->
      </class> <!-- ThoughtWorks.SeleniumMarAir.testcase.HomePage -->
    </test> <!-- Test1 -->
  </suite> <!-- Suite -->
</testng-results>
