<?xml version="1.0" encoding="UTF-8"?>
<!-- Generated by org.testng.reporters.JUnitReportReporter -->
<testsuite hostname="DESKTOP-UVIULNA" failures="0" tests="1" name="ThoughtWorks.SeleniumMarAir.testcase.ScheduleNotPossible" time="2.444" errors="0" timestamp="2026-05-01T17:53:36 IST" skipped="0">
  <testcase classname="ThoughtWorks.SeleniumMarAir.testcase.ScheduleNotPossible" name="HomePageValidation" time="2.444"/>
</testsuite> <!-- ThoughtWorks.SeleniumMarAir.testcase.ScheduleNotPossible -->
