<?xml version="1.0" encoding="UTF-8"?>
<!-- Generated by org.testng.reporters.JUnitReportReporter -->
<testsuite hostname="DESKTOP-UVIULNA" failures="0" tests="1" name="ThoughtWorks.SeleniumMarAir.testcase.ScheduleNotPossible" time="3.425" errors="0" timestamp="2026-05-03T14:45:06 IST" skipped="0">
  <testcase classname="ThoughtWorks.SeleniumMarAir.testcase.ScheduleNotPossible" name="HomePageValidation" time="3.425"/>
</testsuite> <!-- ThoughtWorks.SeleniumMarAir.testcase.ScheduleNotPossible -->
